{"D:\\personal\\express-ws\\src\\app.ts": {"path":"D:\\personal\\express-ws\\src\\app.ts","statementMap":{"0":{"start":{"line":1,"column":0},"end":{"line":1,"column":40}},"1":{"start":{"line":2,"column":0},"end":{"line":2,"column":49}},"2":{"start":{"line":3,"column":0},"end":{"line":3,"column":43}},"3":{"start":{"line":4,"column":0},"end":{"line":4,"column":63}},"4":{"start":{"line":5,"column":0},"end":{"line":5,"column":48}},"5":{"start":{"line":6,"column":0},"end":{"line":6,"column":39}},"6":{"start":{"line":8,"column":12},"end":{"line":8,"column":21}},"7":{"start":{"line":10,"column":0},"end":{"line":10,"column":25}},"8":{"start":{"line":12,"column":0},"end":{"line":12,"column":16}},"9":{"start":{"line":14,"column":0},"end":{"line":14,"column":20}},"10":{"start":{"line":15,"column":0},"end":{"line":15,"column":30}},"11":{"start":{"line":17,"column":0},"end":{"line":17,"column":22}},"12":{"start":{"line":19,"column":0},"end":{"line":19,"column":44}},"13":{"start":{"line":21,"column":0},"end":{"line":21,"column":19}}},"fnMap":{},"branchMap":{},"s":{"0":2,"1":2,"2":2,"3":2,"4":2,"5":2,"6":2,"7":2,"8":2,"9":2,"10":2,"11":2,"12":2,"13":2},"f":{},"b":{}}
,"D:\\personal\\express-ws\\src\\auth\\AuthenticationRouter.ts": {"path":"D:\\personal\\express-ws\\src\\auth\\AuthenticationRouter.ts","statementMap":{"0":{"start":{"line":1,"column":0},"end":{"line":1,"column":30}},"1":{"start":{"line":2,"column":0},"end":{"line":2,"column":28}},"2":{"start":{"line":3,"column":0},"end":{"line":3,"column":64}},"3":{"start":{"line":4,"column":0},"end":{"line":4,"column":54}},"4":{"start":{"line":5,"column":0},"end":{"line":5,"column":60}},"5":{"start":{"line":6,"column":0},"end":{"line":6,"column":50}},"6":{"start":{"line":8,"column":15},"end":{"line":8,"column":31}},"7":{"start":{"line":10,"column":0},"end":{"line":32,"column":2}},"8":{"start":{"line":13,"column":27},"end":{"line":31,"column":null}},"9":{"start":{"line":14,"column":19},"end":{"line":14,"column":40}},"10":{"start":{"line":15,"column":4},"end":{"line":17,"column":null}},"11":{"start":{"line":16,"column":6},"end":{"line":16,"column":49}},"12":{"start":{"line":18,"column":32},"end":{"line":18,"column":40}},"13":{"start":{"line":19,"column":17},"end":{"line":19,"column":41}},"14":{"start":{"line":20,"column":4},"end":{"line":22,"column":null}},"15":{"start":{"line":21,"column":6},"end":{"line":21,"column":49}},"16":{"start":{"line":23,"column":18},"end":{"line":23,"column":69}},"17":{"start":{"line":24,"column":4},"end":{"line":26,"column":null}},"18":{"start":{"line":25,"column":6},"end":{"line":25,"column":49}},"19":{"start":{"line":27,"column":4},"end":{"line":29,"column":null}},"20":{"start":{"line":28,"column":6},"end":{"line":28,"column":44}},"21":{"start":{"line":30,"column":4},"end":{"line":30,"column":55}},"22":{"start":{"line":34,"column":0},"end":{"line":34,"column":22}}},"fnMap":{"0":{"name":"(anonymous_8)","decl":{"start":{"line":13,"column":2},"end":{"line":13,"column":9}},"loc":{"start":{"line":13,"column":27},"end":{"line":31,"column":null}}},"1":{"name":"(anonymous_9)","decl":{"start":{"line":13,"column":27},"end":{"line":13,"column":null}},"loc":{"start":{"line":13,"column":27},"end":{"line":31,"column":3}}}},"branchMap":{"0":{"loc":{"start":{"line":15,"column":4},"end":{"line":17,"column":null}},"type":"if","locations":[{"start":{"line":15,"column":4},"end":{"line":17,"column":null}}]},"1":{"loc":{"start":{"line":20,"column":4},"end":{"line":22,"column":null}},"type":"if","locations":[{"start":{"line":20,"column":4},"end":{"line":22,"column":null}}]},"2":{"loc":{"start":{"line":23,"column":49},"end":{"line":23,"column":68}},"type":"binary-expr","locations":[{"start":{"line":23,"column":49},"end":{"line":23,"column":62}},{"start":{"line":23,"column":66},"end":{"line":23,"column":68}}]},"3":{"loc":{"start":{"line":24,"column":4},"end":{"line":26,"column":null}},"type":"if","locations":[{"start":{"line":24,"column":4},"end":{"line":26,"column":null}}]},"4":{"loc":{"start":{"line":27,"column":4},"end":{"line":29,"column":null}},"type":"if","locations":[{"start":{"line":27,"column":4},"end":{"line":29,"column":null}}]}},"s":{"0":2,"1":2,"2":2,"3":2,"4":2,"5":2,"6":2,"7":2,"8":13,"9":13,"10":13,"11":1,"12":12,"13":12,"14":12,"15":8,"16":4,"17":4,"18":0,"19":4,"20":2,"21":2,"22":2},"f":{"0":13,"1":13},"b":{"0":[1],"1":[8],"2":[4,0],"3":[0],"4":[2]}}
,"D:\\personal\\express-ws\\src\\config\\database.ts": {"path":"D:\\personal\\express-ws\\src\\config\\database.ts","statementMap":{"0":{"start":{"line":1,"column":0},"end":{"line":1,"column":38}},"1":{"start":{"line":2,"column":0},"end":{"line":2,"column":28}},"2":{"start":{"line":5,"column":22},"end":{"line":5,"column":44}},"3":{"start":{"line":7,"column":0},"end":{"line":16,"column":2}}},"fnMap":{},"branchMap":{},"s":{"0":2,"1":2,"2":2,"3":2},"f":{},"b":{}}
,"D:\\personal\\express-ws\\src\\config\\i18next.ts": {"path":"D:\\personal\\express-ws\\src\\config\\i18next.ts","statementMap":{"0":{"start":{"line":1,"column":0},"end":{"line":1,"column":30}},"1":{"start":{"line":2,"column":0},"end":{"line":2,"column":65}},"2":{"start":{"line":3,"column":0},"end":{"line":3,"column":59}},"3":{"start":{"line":5,"column":0},"end":{"line":18,"column":5}},"4":{"start":{"line":20,"column":0},"end":{"line":20,"column":23}}},"fnMap":{},"branchMap":{},"s":{"0":2,"1":2,"2":2,"3":2,"4":2},"f":{},"b":{}}
,"D:\\personal\\express-ws\\src\\error\\ErrorHandler.ts": {"path":"D:\\personal\\express-ws\\src\\error\\ErrorHandler.ts","statementMap":{"0":{"start":{"line":25,"column":0},"end":{"line":43,"column":2}},"1":{"start":{"line":26,"column":52},"end":{"line":26,"column":55}},"2":{"start":{"line":27,"column":44},"end":{"line":27,"column":48}},"3":{"start":{"line":28,"column":2},"end":{"line":33,"column":null}},"4":{"start":{"line":29,"column":4},"end":{"line":29,"column":26}},"5":{"start":{"line":30,"column":4},"end":{"line":32,"column":6}},"6":{"start":{"line":31,"column":18},"end":{"line":31,"column":67}},"7":{"start":{"line":34,"column":35},"end":{"line":38,"column":4}},"8":{"start":{"line":39,"column":2},"end":{"line":41,"column":null}},"9":{"start":{"line":40,"column":4},"end":{"line":40,"column":49}},"10":{"start":{"line":42,"column":2},"end":{"line":42,"column":36}}},"fnMap":{"0":{"name":"(anonymous_0)","decl":{"start":{"line":25,"column":15},"end":{"line":25,"column":16}},"loc":{"start":{"line":25,"column":59},"end":{"line":43,"column":1}}},"1":{"name":"(anonymous_1)","decl":{"start":{"line":31,"column":6},"end":{"line":31,"column":7}},"loc":{"start":{"line":31,"column":18},"end":{"line":31,"column":67}}}},"branchMap":{"0":{"loc":{"start":{"line":28,"column":2},"end":{"line":33,"column":null}},"type":"if","locations":[{"start":{"line":28,"column":2},"end":{"line":33,"column":null}}]},"1":{"loc":{"start":{"line":39,"column":2},"end":{"line":41,"column":null}},"type":"if","locations":[{"start":{"line":39,"column":2},"end":{"line":41,"column":null}}]},"2":{"loc":{"start":{"line":39,"column":6},"end":{"line":39,"column":30}},"type":"cond-expr","locations":[{"start":{"line":39,"column":22},"end":{"line":39,"column":24}},{"start":{"line":39,"column":6},"end":{"line":39,"column":30}}]},"3":{"loc":{"start":{"line":39,"column":6},"end":{"line":39,"column":24}},"type":"binary-expr","locations":[{"start":{"line":39,"column":6},"end":{"line":39,"column":24}},{"start":{"line":39,"column":6},"end":{"line":39,"column":24}}]}},"s":{"0":2,"1":14,"2":14,"3":14,"4":0,"5":0,"6":0,"7":14,"8":14,"9":0,"10":14},"f":{"0":14,"1":0},"b":{"0":[0],"1":[0],"2":[14,0],"3":[14,0]}}
,"D:\\personal\\express-ws\\src\\user\\User.ts": {"path":"D:\\personal\\express-ws\\src\\user\\User.ts","statementMap":{"0":{"start":{"line":1,"column":0},"end":{"line":1,"column":null}},"1":{"start":{"line":7,"column":0},"end":{"line":7,"column":43}},"2":{"start":{"line":18,"column":0},"end":{"line":44,"column":2}},"3":{"start":{"line":46,"column":0},"end":{"line":46,"column":20}}},"fnMap":{},"branchMap":{},"s":{"0":2,"1":2,"2":2,"3":2},"f":{},"b":{}}
}
