{"D:\\personal\\express-ws\\src\\app.ts": {"path":"D:\\personal\\express-ws\\src\\app.ts","statementMap":{"0":{"start":{"line":1,"column":0},"end":{"line":1,"column":40}},"1":{"start":{"line":2,"column":0},"end":{"line":2,"column":49}},"2":{"start":{"line":3,"column":0},"end":{"line":3,"column":43}},"3":{"start":{"line":4,"column":0},"end":{"line":4,"column":63}},"4":{"start":{"line":5,"column":0},"end":{"line":5,"column":48}},"5":{"start":{"line":6,"column":0},"end":{"line":6,"column":39}},"6":{"start":{"line":8,"column":12},"end":{"line":8,"column":21}},"7":{"start":{"line":10,"column":0},"end":{"line":10,"column":25}},"8":{"start":{"line":12,"column":0},"end":{"line":12,"column":16}},"9":{"start":{"line":14,"column":0},"end":{"line":14,"column":20}},"10":{"start":{"line":15,"column":0},"end":{"line":15,"column":30}},"11":{"start":{"line":17,"column":0},"end":{"line":17,"column":22}},"12":{"start":{"line":19,"column":0},"end":{"line":19,"column":44}},"13":{"start":{"line":21,"column":0},"end":{"line":21,"column":19}}},"fnMap":{},"branchMap":{},"s":{"0":3,"1":3,"2":3,"3":3,"4":3,"5":3,"6":3,"7":3,"8":3,"9":3,"10":3,"11":3,"12":3,"13":3},"f":{},"b":{}}
,"D:\\personal\\express-ws\\src\\config\\database.ts": {"path":"D:\\personal\\express-ws\\src\\config\\database.ts","statementMap":{"0":{"start":{"line":1,"column":0},"end":{"line":1,"column":38}},"1":{"start":{"line":2,"column":0},"end":{"line":2,"column":28}},"2":{"start":{"line":5,"column":22},"end":{"line":5,"column":44}},"3":{"start":{"line":7,"column":0},"end":{"line":16,"column":2}}},"fnMap":{},"branchMap":{},"s":{"0":3,"1":3,"2":3,"3":3},"f":{},"b":{}}
,"D:\\personal\\express-ws\\src\\user\\User.ts": {"path":"D:\\personal\\express-ws\\src\\user\\User.ts","statementMap":{"0":{"start":{"line":1,"column":0},"end":{"line":1,"column":null}},"1":{"start":{"line":7,"column":0},"end":{"line":7,"column":43}},"2":{"start":{"line":18,"column":0},"end":{"line":44,"column":2}},"3":{"start":{"line":46,"column":0},"end":{"line":46,"column":20}}},"fnMap":{},"branchMap":{},"s":{"0":3,"1":3,"2":3,"3":3},"f":{},"b":{}}
,"D:\\personal\\express-ws\\src\\user\\UserRouter.ts": {"path":"D:\\personal\\express-ws\\src\\user\\UserRouter.ts","statementMap":{"0":{"start":{"line":1,"column":0},"end":{"line":1,"column":52}},"1":{"start":{"line":2,"column":0},"end":{"line":2,"column":79}},"2":{"start":{"line":3,"column":0},"end":{"line":3,"column":60}},"3":{"start":{"line":4,"column":0},"end":{"line":4,"column":64}},"4":{"start":{"line":5,"column":0},"end":{"line":5,"column":67}},"5":{"start":{"line":7,"column":15},"end":{"line":7,"column":23}},"6":{"start":{"line":9,"column":0},"end":{"line":56,"column":2}},"7":{"start":{"line":33,"column":28},"end":{"line":39,"column":6}},"8":{"start":{"line":34,"column":19},"end":{"line":34,"column":43}},"9":{"start":{"line":35,"column":6},"end":{"line":37,"column":null}},"10":{"start":{"line":36,"column":8},"end":{"line":36,"column":40}},"11":{"start":{"line":38,"column":6},"end":{"line":38,"column":18}},"12":{"start":{"line":40,"column":27},"end":{"line":55,"column":null}},"13":{"start":{"line":41,"column":19},"end":{"line":41,"column":40}},"14":{"start":{"line":42,"column":4},"end":{"line":48,"column":null}},"15":{"start":{"line":43,"column":31},"end":{"line":43,"column":59}},"16":{"start":{"line":44,"column":6},"end":{"line":46,"column":9}},"17":{"start":{"line":45,"column":8},"end":{"line":45,"column":57}},"18":{"start":{"line":47,"column":6},"end":{"line":47,"column":60}},"19":{"start":{"line":49,"column":4},"end":{"line":54,"column":null}},"20":{"start":{"line":50,"column":6},"end":{"line":50,"column":27}},"21":{"start":{"line":51,"column":6},"end":{"line":51,"column":65}},"22":{"start":{"line":53,"column":6},"end":{"line":53,"column":16}},"23":{"start":{"line":58,"column":0},"end":{"line":66,"column":3}},"24":{"start":{"line":58,"column":68},"end":{"line":66,"column":2}},"25":{"start":{"line":59,"column":16},"end":{"line":59,"column":32}},"26":{"start":{"line":60,"column":2},"end":{"line":65,"column":null}},"27":{"start":{"line":61,"column":4},"end":{"line":61,"column":26}},"28":{"start":{"line":62,"column":4},"end":{"line":62,"column":63}},"29":{"start":{"line":64,"column":4},"end":{"line":64,"column":14}},"30":{"start":{"line":72,"column":0},"end":{"line":80,"column":2}},"31":{"start":{"line":75,"column":40},"end":{"line":79,"column":null}},"32":{"start":{"line":76,"column":27},"end":{"line":76,"column":41}},"33":{"start":{"line":77,"column":18},"end":{"line":77,"column":44}},"34":{"start":{"line":78,"column":4},"end":{"line":78,"column":20}},"35":{"start":{"line":82,"column":0},"end":{"line":89,"column":3}},"36":{"start":{"line":82,"column":77},"end":{"line":89,"column":2}},"37":{"start":{"line":83,"column":2},"end":{"line":88,"column":null}},"38":{"start":{"line":84,"column":17},"end":{"line":84,"column":55}},"39":{"start":{"line":85,"column":4},"end":{"line":85,"column":19}},"40":{"start":{"line":87,"column":4},"end":{"line":87,"column":14}},"41":{"start":{"line":91,"column":0},"end":{"line":91,"column":22}}},"fnMap":{"0":{"name":"(anonymous_8)","decl":{"start":{"line":33,"column":12},"end":{"line":33,"column":19}},"loc":{"start":{"line":33,"column":28},"end":{"line":39,"column":6}}},"1":{"name":"(anonymous_9)","decl":{"start":{"line":33,"column":28},"end":{"line":33,"column":null}},"loc":{"start":{"line":33,"column":28},"end":{"line":39,"column":5}}},"2":{"name":"(anonymous_10)","decl":{"start":{"line":40,"column":2},"end":{"line":40,"column":9}},"loc":{"start":{"line":40,"column":27},"end":{"line":55,"column":null}}},"3":{"name":"(anonymous_11)","decl":{"start":{"line":40,"column":27},"end":{"line":40,"column":null}},"loc":{"start":{"line":40,"column":27},"end":{"line":55,"column":3}}},"4":{"name":"(anonymous_12)","decl":{"start":{"line":44,"column":29},"end":{"line":44,"column":30}},"loc":{"start":{"line":44,"column":39},"end":{"line":46,"column":7}}},"5":{"name":"(anonymous_13)","decl":{"start":{"line":58,"column":43},"end":{"line":58,"column":50}},"loc":{"start":{"line":58,"column":68},"end":{"line":66,"column":2}}},"6":{"name":"(anonymous_14)","decl":{"start":{"line":58,"column":68},"end":{"line":58,"column":null}},"loc":{"start":{"line":58,"column":68},"end":{"line":66,"column":1}}},"7":{"name":"(anonymous_15)","decl":{"start":{"line":75,"column":2},"end":{"line":75,"column":9}},"loc":{"start":{"line":75,"column":40},"end":{"line":79,"column":null}}},"8":{"name":"(anonymous_16)","decl":{"start":{"line":75,"column":40},"end":{"line":75,"column":null}},"loc":{"start":{"line":75,"column":40},"end":{"line":79,"column":3}}},"9":{"name":"(anonymous_17)","decl":{"start":{"line":82,"column":33},"end":{"line":82,"column":40}},"loc":{"start":{"line":82,"column":77},"end":{"line":89,"column":2}}},"10":{"name":"(anonymous_18)","decl":{"start":{"line":82,"column":77},"end":{"line":82,"column":null}},"loc":{"start":{"line":82,"column":77},"end":{"line":89,"column":1}}}},"branchMap":{"0":{"loc":{"start":{"line":35,"column":6},"end":{"line":37,"column":null}},"type":"if","locations":[{"start":{"line":35,"column":6},"end":{"line":37,"column":null}}]},"1":{"loc":{"start":{"line":42,"column":4},"end":{"line":48,"column":null}},"type":"if","locations":[{"start":{"line":42,"column":4},"end":{"line":48,"column":null}}]}},"s":{"0":3,"1":3,"2":3,"3":3,"4":3,"5":3,"6":3,"7":1,"8":1,"9":1,"10":0,"11":1,"12":1,"13":1,"14":1,"15":1,"16":1,"17":1,"18":1,"19":0,"20":0,"21":0,"22":0,"23":3,"24":0,"25":0,"26":0,"27":0,"28":0,"29":0,"30":3,"31":0,"32":0,"33":0,"34":0,"35":3,"36":0,"37":0,"38":0,"39":0,"40":0,"41":3},"f":{"0":1,"1":1,"2":1,"3":1,"4":1,"5":0,"6":0,"7":0,"8":0,"9":0,"10":0},"b":{"0":[0],"1":[1]}}
}
