TN:
SF:src\app.ts
FNF:0
FNH:0
DA:1,2
DA:2,2
DA:3,2
DA:4,2
DA:5,2
DA:6,2
DA:8,2
DA:10,2
DA:12,2
DA:14,2
DA:15,2
DA:17,2
DA:19,2
DA:21,2
LF:14
LH:14
BRF:0
BRH:0
end_of_record
TN:
SF:src\auth\AuthenticationRouter.ts
FN:13,(anonymous_8)
FN:13,(anonymous_9)
FNF:2
FNH:2
FNDA:13,(anonymous_8)
FNDA:13,(anonymous_9)
DA:1,2
DA:2,2
DA:3,2
DA:4,2
DA:5,2
DA:6,2
DA:8,2
DA:10,2
DA:13,13
DA:14,13
DA:15,13
DA:16,1
DA:18,12
DA:19,12
DA:20,12
DA:21,8
DA:23,4
DA:24,4
DA:25,0
DA:27,4
DA:28,2
DA:30,2
DA:34,2
LF:23
LH:22
BRDA:15,0,0,1
BRDA:20,1,0,8
BRDA:23,2,0,4
BRDA:23,2,1,0
BRDA:24,3,0,0
BRDA:27,4,0,2
BRF:6
BRH:4
end_of_record
TN:
SF:src\config\database.ts
FNF:0
FNH:0
DA:1,2
DA:2,2
DA:5,2
DA:7,2
LF:4
LH:4
BRF:0
BRH:0
end_of_record
TN:
SF:src\config\i18next.ts
FNF:0
FNH:0
DA:1,2
DA:2,2
DA:3,2
DA:5,2
DA:20,2
LF:5
LH:5
BRF:0
BRH:0
end_of_record
TN:
SF:src\error\ErrorHandler.ts
FN:25,(anonymous_0)
FN:31,(anonymous_1)
FNF:2
FNH:1
FNDA:14,(anonymous_0)
FNDA:0,(anonymous_1)
DA:25,2
DA:26,14
DA:27,14
DA:28,14
DA:29,0
DA:30,0
DA:31,0
DA:34,14
DA:39,14
DA:40,0
DA:42,14
LF:11
LH:7
BRDA:28,0,0,0
BRDA:39,1,0,0
BRDA:39,2,0,14
BRDA:39,2,1,0
BRDA:39,3,0,14
BRDA:39,3,1,0
BRF:6
BRH:2
end_of_record
TN:
SF:src\user\User.ts
FNF:0
FNH:0
DA:1,2
DA:7,2
DA:18,2
DA:46,2
LF:4
LH:4
BRF:0
BRH:0
end_of_record
