TN:
SF:src\app.ts
FNF:0
FNH:0
DA:1,3
DA:2,3
DA:3,3
DA:4,3
DA:5,3
DA:6,3
DA:8,3
DA:10,3
DA:12,3
DA:14,3
DA:15,3
DA:17,3
DA:19,3
DA:21,3
LF:14
LH:14
BRF:0
BRH:0
end_of_record
TN:
SF:src\config\database.ts
FNF:0
FNH:0
DA:1,3
DA:2,3
DA:5,3
DA:7,3
LF:4
LH:4
BRF:0
BRH:0
end_of_record
TN:
SF:src\user\User.ts
FNF:0
FNH:0
DA:1,3
DA:7,3
DA:18,3
DA:46,3
LF:4
LH:4
BRF:0
BRH:0
end_of_record
TN:
SF:src\user\UserRouter.ts
FN:33,(anonymous_8)
FN:33,(anonymous_9)
FN:40,(anonymous_10)
FN:40,(anonymous_11)
FN:44,(anonymous_12)
FN:58,(anonymous_13)
FN:58,(anonymous_14)
FN:75,(anonymous_15)
FN:75,(anonymous_16)
FN:82,(anonymous_17)
FN:82,(anonymous_18)
FNF:11
FNH:5
FNDA:1,(anonymous_8)
FNDA:1,(anonymous_9)
FNDA:1,(anonymous_10)
FNDA:1,(anonymous_11)
FNDA:1,(anonymous_12)
FNDA:0,(anonymous_13)
FNDA:0,(anonymous_14)
FNDA:0,(anonymous_15)
FNDA:0,(anonymous_16)
FNDA:0,(anonymous_17)
FNDA:0,(anonymous_18)
DA:1,3
DA:2,3
DA:3,3
DA:4,3
DA:5,3
DA:7,3
DA:9,3
DA:33,1
DA:34,1
DA:35,1
DA:36,0
DA:38,1
DA:40,1
DA:41,1
DA:42,1
DA:43,1
DA:44,1
DA:45,1
DA:47,1
DA:49,0
DA:50,0
DA:51,0
DA:53,0
DA:58,3
DA:59,0
DA:60,0
DA:61,0
DA:62,0
DA:64,0
DA:72,3
DA:75,0
DA:76,0
DA:77,0
DA:78,0
DA:82,3
DA:83,0
DA:84,0
DA:85,0
DA:87,0
DA:91,3
LF:40
LH:22
BRDA:35,0,0,0
BRDA:42,1,0,1
BRF:2
BRH:1
end_of_record
